TN:
SF:src\components\ChannelInfo.tsx
FN:8,ChannelInfo
FN:12,queryFn
FNF:2
FNH:2
FNDA:5,ChannelInfo
FNDA:3,queryFn
DA:1,1
DA:2,1
DA:3,1
DA:4,1
DA:5,1
DA:6,1
DA:7,1
DA:8,5
DA:9,5
DA:10,5
DA:11,5
DA:12,5
DA:13,5
DA:14,5
DA:15,5
DA:16,5
DA:17,5
DA:18,5
DA:19,5
DA:20,5
DA:21,5
LF:21
LH:21
BRDA:8,0,0,5
BRDA:17,1,0,2
BRDA:12,2,0,3
BRF:3
BRH:3
end_of_record
TN:
SF:src\components\RelatedVideos.tsx
FN:8,RelatedVideos
FN:16,queryFn
FNF:2
FNH:2
FNDA:6,RelatedVideos
FNDA:3,queryFn
DA:1,1
DA:2,1
DA:3,1
DA:4,1
DA:5,1
DA:6,1
DA:7,1
DA:8,6
DA:9,6
DA:10,6
DA:11,6
DA:12,6
DA:13,6
DA:14,6
DA:15,6
DA:16,6
DA:17,6
DA:18,6
DA:19,6
DA:20,6
DA:21,6
DA:22,6
DA:23,6
DA:24,2
DA:25,2
DA:26,4
DA:27,2
DA:28,2
DA:29,6
DA:30,6
DA:31,6
DA:32,6
LF:32
LH:32
BRDA:8,0,0,6
BRDA:21,1,0,3
BRDA:22,2,0,1
BRDA:23,3,0,2
BRDA:16,4,0,3
BRDA:25,5,0,4
BRF:6
BRH:6
end_of_record
TN:
SF:src\components\SearchHeader.tsx
FN:5,SearchHeader
FN:10,handleSubmit
FN:29,onChange
FNF:3
FNH:3
FNDA:17,SearchHeader
FNDA:1,handleSubmit
FNDA:12,onChange
DA:1,1
DA:2,1
DA:3,1
DA:4,1
DA:5,17
DA:6,17
DA:7,17
DA:8,17
DA:9,17
DA:10,17
DA:11,1
DA:12,1
DA:13,1
DA:14,17
DA:15,17
DA:16,17
DA:17,17
DA:18,17
DA:19,17
DA:20,17
DA:21,17
DA:22,17
DA:23,17
DA:24,17
DA:25,17
DA:26,17
DA:27,17
DA:28,17
DA:29,17
DA:30,17
DA:31,17
DA:32,17
DA:33,17
DA:34,17
DA:35,17
DA:36,17
DA:37,17
LF:37
LH:37
BRDA:5,0,0,17
BRDA:10,1,0,1
BRDA:15,2,0,3
BRDA:15,3,0,2
BRDA:29,4,0,12
BRF:5
BRH:5
end_of_record
TN:
SF:src\components\VideoCard.tsx
FN:11,VideoCard
FN:18,onClick
FNF:2
FNH:2
FNDA:10,VideoCard
FNDA:1,onClick
DA:1,1
DA:2,1
DA:3,1
DA:4,1
DA:5,1
DA:6,1
DA:7,1
DA:8,1
DA:9,1
DA:10,1
DA:11,10
DA:12,10
DA:13,10
DA:14,10
DA:15,10
DA:16,10
DA:17,10
DA:18,10
DA:19,1
DA:20,10
DA:21,10
DA:22,10
DA:23,10
DA:24,10
DA:25,10
DA:26,10
DA:27,10
DA:28,10
DA:29,10
DA:30,10
LF:30
LH:30
BRDA:11,0,0,10
BRDA:17,1,0,5
BRDA:17,2,0,5
BRDA:22,3,0,5
BRDA:22,4,0,5
BRDA:18,5,0,1
BRF:6
BRH:6
end_of_record
TN:
SF:src\context\YoutubeApiContext.ts
FN:7,useYoutubeApi
FNF:1
FNH:1
FNDA:16,useYoutubeApi
DA:1,1
DA:2,1
DA:3,1
DA:4,1
DA:5,1
DA:6,1
DA:7,16
DA:8,16
DA:9,16
LF:9
LH:9
BRDA:7,0,0,16
BRF:1
BRH:1
end_of_record
TN:
SF:src\pages\NotFound.tsx
FN:1,NotFound
FNF:1
FNH:1
FNDA:2,NotFound
DA:1,2
DA:2,2
DA:3,2
LF:3
LH:3
BRDA:1,0,0,2
BRF:1
BRH:1
end_of_record
TN:
SF:src\pages\VideoDetail.tsx
FN:5,VideoDetail
FNF:1
FNH:1
FNDA:1,VideoDetail
DA:1,1
DA:2,1
DA:3,1
DA:4,1
DA:5,1
DA:6,1
DA:7,1
DA:8,1
DA:9,1
DA:10,1
DA:11,1
DA:12,1
DA:13,1
DA:14,1
DA:15,1
DA:16,1
DA:17,1
DA:18,1
DA:19,1
DA:20,1
DA:21,1
DA:22,1
DA:23,1
DA:24,1
DA:25,1
DA:26,1
DA:27,1
DA:28,1
DA:29,1
DA:30,1
DA:31,1
DA:32,1
DA:33,1
LF:33
LH:33
BRDA:5,0,0,1
BRF:1
BRH:1
end_of_record
TN:
SF:src\pages\Videos.tsx
FN:6,Videos
FN:15,queryFn
FNF:2
FNH:2
FNDA:5,Videos
FNDA:3,queryFn
DA:1,1
DA:2,1
DA:3,1
DA:4,1
DA:5,1
DA:6,5
DA:7,5
DA:8,5
DA:9,5
DA:10,5
DA:11,5
DA:12,5
DA:13,5
DA:14,5
DA:15,5
DA:16,5
DA:17,5
DA:18,5
DA:19,5
DA:20,5
DA:21,5
DA:22,5
DA:23,5
DA:24,2
DA:25,2
DA:26,3
DA:27,2
DA:28,2
DA:29,5
DA:30,5
DA:31,5
DA:32,5
LF:32
LH:32
BRDA:6,0,0,5
BRDA:21,1,0,3
BRDA:22,2,0,0
BRDA:23,3,0,2
BRDA:15,4,0,3
BRDA:15,5,0,1
BRDA:15,6,0,2
BRDA:25,7,0,3
BRF:8
BRH:7
end_of_record
TN:
SF:src\tests\utils.tsx
FN:14,withRouter
FN:22,withAllContexts
FN:31,createTestQueryClient
FNF:3
FNH:3
FNDA:18,withRouter
FNDA:9,withAllContexts
FNDA:9,createTestQueryClient
DA:1,1
DA:2,1
DA:3,1
DA:4,1
DA:5,1
DA:6,1
DA:7,1
DA:8,1
DA:9,1
DA:10,1
DA:11,1
DA:12,1
DA:13,1
DA:14,18
DA:15,18
DA:16,18
DA:17,18
DA:18,18
DA:19,18
DA:20,18
DA:21,1
DA:22,9
DA:23,9
DA:24,9
DA:25,9
DA:26,9
DA:27,9
DA:28,9
DA:29,9
DA:30,1
DA:31,9
DA:32,9
DA:33,9
DA:34,9
DA:35,9
DA:36,9
DA:37,9
DA:38,9
DA:39,9
LF:39
LH:39
BRDA:14,0,0,18
BRDA:22,1,0,9
BRDA:31,2,0,9
BRF:3
BRH:3
end_of_record
TN:
SF:src\tests\videos.tsx
FNF:0
FNH:0
DA:1,1
DA:2,1
DA:3,1
DA:4,1
DA:5,1
DA:6,1
DA:7,1
DA:8,1
DA:9,1
DA:10,1
DA:11,1
DA:12,1
DA:13,1
DA:14,1
DA:15,1
DA:16,1
DA:17,1
DA:18,1
DA:19,1
DA:20,1
DA:21,1
DA:22,1
DA:23,1
DA:24,1
DA:25,1
DA:26,1
DA:27,1
DA:28,1
DA:29,1
DA:30,1
DA:31,1
DA:32,1
DA:33,1
DA:34,1
DA:35,1
DA:36,1
DA:37,1
DA:38,1
DA:39,1
DA:40,1
DA:41,1
DA:42,1
DA:43,1
DA:44,1
DA:45,1
LF:45
LH:45
BRF:0
BRH:0
end_of_record
TN:
SF:src\utile\date.ts
FN:6,formatAgo
FNF:1
FNH:1
FNDA:10,formatAgo
DA:1,1
DA:2,1
DA:3,1
DA:4,1
DA:5,1
DA:6,10
DA:7,10
DA:8,10
LF:8
LH:8
BRDA:6,0,0,10
BRF:1
BRH:1
end_of_record
